<?xml version="1.0" encoding="UTF-8"?>
<coverage generated="1577539481151" clover="3.2.0">
  <project timestamp="1577539481152" name="All files">
    <metrics statements="27" coveredstatements="26" conditionals="6" coveredconditionals="6" methods="5" coveredmethods="4" elements="38" coveredelements="36" complexity="0" loc="27" ncloc="27" packages="4" files="4" classes="4"/>
    <package name="__test__.__fixtures__">
      <metrics statements="6" coveredstatements="6" conditionals="0" coveredconditionals="0" methods="0" coveredmethods="0"/>
      <file name="testData.js" path="/home/gabit1918/programming/frontend-project-lvl2/__test__/__fixtures__/testData.js">
        <metrics statements="6" coveredstatements="6" conditionals="0" coveredconditionals="0" methods="0" coveredmethods="0"/>
        <line num="2" count="1" type="stmt"/>
        <line num="9" count="1" type="stmt"/>
        <line num="15" count="1" type="stmt"/>
        <line num="17" count="1" type="stmt"/>
        <line num="26" count="1" type="stmt"/>
        <line num="33" count="1" type="stmt"/>
      </file>
    </package>
    <package name="src">
      <metrics statements="11" coveredstatements="11" conditionals="6" coveredconditionals="6" methods="3" coveredmethods="3"/>
      <file name="index.js" path="/home/gabit1918/programming/frontend-project-lvl2/src/index.js">
        <metrics statements="11" coveredstatements="11" conditionals="6" coveredconditionals="6" methods="3" coveredmethods="3"/>
        <line num="2" count="1" type="stmt"/>
        <line num="5" count="5" type="stmt"/>
        <line num="6" count="16" type="cond" truecount="2" falsecount="0"/>
        <line num="7" count="8" type="cond" truecount="2" falsecount="0"/>
        <line num="8" count="4" type="stmt"/>
        <line num="9" count="4" type="stmt"/>
        <line num="11" count="8" type="stmt"/>
        <line num="13" count="5" type="stmt"/>
        <line num="14" count="15" type="cond" truecount="2" falsecount="0"/>
        <line num="15" count="7" type="stmt"/>
        <line num="17" count="5" type="stmt"/>
      </file>
    </package>
    <package name="src.bin">
      <metrics statements="4" coveredstatements="3" conditionals="0" coveredconditionals="0" methods="1" coveredmethods="0"/>
      <file name="gendiff.js" path="/home/gabit1918/programming/frontend-project-lvl2/src/bin/gendiff.js">
        <metrics statements="4" coveredstatements="3" conditionals="0" coveredconditionals="0" methods="1" coveredmethods="0"/>
        <line num="4" count="1" type="stmt"/>
        <line num="6" count="1" type="stmt"/>
        <line num="12" count="0" type="stmt"/>
        <line num="15" count="1" type="stmt"/>
      </file>
    </package>
    <package name="src.modul">
      <metrics statements="6" coveredstatements="6" conditionals="0" coveredconditionals="0" methods="1" coveredmethods="1"/>
      <file name="compare-files.js" path="/home/gabit1918/programming/frontend-project-lvl2/src/modul/compare-files.js">
        <metrics statements="6" coveredstatements="6" conditionals="0" coveredconditionals="0" methods="1" coveredmethods="1"/>
        <line num="4" count="1" type="stmt"/>
        <line num="6" count="1" type="stmt"/>
        <line num="7" count="2" type="stmt"/>
        <line num="8" count="2" type="stmt"/>
        <line num="9" count="2" type="stmt"/>
        <line num="10" count="2" type="stmt"/>
      </file>
    </package>
  </project>
</coverage>
