<?xml version="1.0" encoding="UTF-8"?>
<coverage generated="1577537103439" clover="3.2.0">
  <project timestamp="1577537103439" name="All files">
    <metrics statements="17" coveredstatements="17" conditionals="6" coveredconditionals="6" methods="3" coveredmethods="3" elements="26" coveredelements="26" complexity="0" loc="17" ncloc="17" packages="2" files="2" classes="2"/>
    <package name="__test__.__fixtures__">
      <metrics statements="6" coveredstatements="6" conditionals="0" coveredconditionals="0" methods="0" coveredmethods="0"/>
      <file name="testData.js" path="/home/gabit1918/programming/frontend-project-lvl2/__test__/__fixtures__/testData.js">
        <metrics statements="6" coveredstatements="6" conditionals="0" coveredconditionals="0" methods="0" coveredmethods="0"/>
        <line num="2" count="1" type="stmt"/>
        <line num="9" count="1" type="stmt"/>
        <line num="15" count="1" type="stmt"/>
        <line num="17" count="1" type="stmt"/>
        <line num="26" count="1" type="stmt"/>
        <line num="33" count="1" type="stmt"/>
      </file>
    </package>
    <package name="src">
      <metrics statements="11" coveredstatements="11" conditionals="6" coveredconditionals="6" methods="3" coveredmethods="3"/>
      <file name="index.js" path="/home/gabit1918/programming/frontend-project-lvl2/src/index.js">
        <metrics statements="11" coveredstatements="11" conditionals="6" coveredconditionals="6" methods="3" coveredmethods="3"/>
        <line num="2" count="1" type="stmt"/>
        <line num="5" count="3" type="stmt"/>
        <line num="6" count="8" type="cond" truecount="2" falsecount="0"/>
        <line num="7" count="4" type="cond" truecount="2" falsecount="0"/>
        <line num="8" count="2" type="stmt"/>
        <line num="9" count="2" type="stmt"/>
        <line num="11" count="4" type="stmt"/>
        <line num="13" count="3" type="stmt"/>
        <line num="14" count="9" type="cond" truecount="2" falsecount="0"/>
        <line num="15" count="5" type="stmt"/>
        <line num="17" count="3" type="stmt"/>
      </file>
    </package>
  </project>
</coverage>
