{"/home/gabit1918/programming/frontend-project-lvl2/__test__/__fixtures__/testData.js": {"path":"/home/gabit1918/programming/frontend-project-lvl2/__test__/__fixtures__/testData.js","statementMap":{"0":{"start":{"line":2,"column":20},"end":{"line":7,"column":1}},"1":{"start":{"line":9,"column":21},"end":{"line":13,"column":1}},"2":{"start":{"line":15,"column":14},"end":{"line":15,"column":16}},"3":{"start":{"line":17,"column":15},"end":{"line":24,"column":2}},"4":{"start":{"line":26,"column":16},"end":{"line":30,"column":2}},"5":{"start":{"line":33,"column":13},"end":{"line":33,"column":64}}},"fnMap":{},"branchMap":{},"s":{"0":1,"1":1,"2":1,"3":1,"4":1,"5":1},"f":{},"b":{},"_coverageSchema":"43e27e138ebf9cfc5966b082cf9a028302ed4184","hash":"385ae891f587bd9de2e38d857baf6fe297934e57"}
,"/home/gabit1918/programming/frontend-project-lvl2/src/index.js": {"path":"/home/gabit1918/programming/frontend-project-lvl2/src/index.js","statementMap":{"0":{"start":{"line":2,"column":10},"end":{"line":2,"column":27}},"1":{"start":{"line":5,"column":27},"end":{"line":12,"column":8}},"2":{"start":{"line":6,"column":4},"end":{"line":10,"column":5}},"3":{"start":{"line":7,"column":6},"end":{"line":7,"column":88}},"4":{"start":{"line":7,"column":50},"end":{"line":7,"column":88}},"5":{"start":{"line":8,"column":30},"end":{"line":8,"column":97}},"6":{"start":{"line":9,"column":6},"end":{"line":9,"column":42}},"7":{"start":{"line":11,"column":4},"end":{"line":11,"column":42}},"8":{"start":{"line":13,"column":15},"end":{"line":16,"column":22}},"9":{"start":{"line":14,"column":4},"end":{"line":14,"column":44}},"10":{"start":{"line":14,"column":33},"end":{"line":14,"column":44}},"11":{"start":{"line":15,"column":4},"end":{"line":15,"column":42}},"12":{"start":{"line":17,"column":2},"end":{"line":17,"column":40}}},"fnMap":{"0":{"name":"(anonymous_0)","decl":{"start":{"line":4,"column":15},"end":{"line":4,"column":16}},"loc":{"start":{"line":4,"column":46},"end":{"line":18,"column":1}},"line":4},"1":{"name":"(anonymous_1)","decl":{"start":{"line":5,"column":62},"end":{"line":5,"column":63}},"loc":{"start":{"line":5,"column":85},"end":{"line":12,"column":3}},"line":5},"2":{"name":"(anonymous_2)","decl":{"start":{"line":13,"column":51},"end":{"line":13,"column":52}},"loc":{"start":{"line":13,"column":74},"end":{"line":16,"column":3}},"line":13}},"branchMap":{"0":{"loc":{"start":{"line":6,"column":4},"end":{"line":10,"column":5}},"type":"if","locations":[{"start":{"line":6,"column":4},"end":{"line":10,"column":5}},{"start":{"line":6,"column":4},"end":{"line":10,"column":5}}],"line":6},"1":{"loc":{"start":{"line":7,"column":6},"end":{"line":7,"column":88}},"type":"if","locations":[{"start":{"line":7,"column":6},"end":{"line":7,"column":88}},{"start":{"line":7,"column":6},"end":{"line":7,"column":88}}],"line":7},"2":{"loc":{"start":{"line":14,"column":4},"end":{"line":14,"column":44}},"type":"if","locations":[{"start":{"line":14,"column":4},"end":{"line":14,"column":44}},{"start":{"line":14,"column":4},"end":{"line":14,"column":44}}],"line":14}},"s":{"0":1,"1":5,"2":16,"3":8,"4":4,"5":4,"6":4,"7":8,"8":5,"9":15,"10":8,"11":7,"12":5},"f":{"0":5,"1":16,"2":15},"b":{"0":[8,8],"1":[4,4],"2":[8,7]},"_coverageSchema":"43e27e138ebf9cfc5966b082cf9a028302ed4184","hash":"027a20efe7397259727dadf784c305d3b380e4bd"}
,"/home/gabit1918/programming/frontend-project-lvl2/src/bin/gendiff.js": {"path":"/home/gabit1918/programming/frontend-project-lvl2/src/bin/gendiff.js","statementMap":{"0":{"start":{"line":4,"column":16},"end":{"line":4,"column":36}},"1":{"start":{"line":6,"column":0},"end":{"line":13,"column":5}},"2":{"start":{"line":12,"column":4},"end":{"line":12,"column":39}},"3":{"start":{"line":15,"column":0},"end":{"line":15,"column":28}}},"fnMap":{"0":{"name":"(anonymous_0)","decl":{"start":{"line":11,"column":10},"end":{"line":11,"column":11}},"loc":{"start":{"line":11,"column":41},"end":{"line":13,"column":3}},"line":11}},"branchMap":{},"s":{"0":1,"1":1,"2":0,"3":1},"f":{"0":0},"b":{},"_coverageSchema":"43e27e138ebf9cfc5966b082cf9a028302ed4184","hash":"b5bafd8c11f5ee5920179c73232b9d6cc4fbb3c7"}
,"/home/gabit1918/programming/frontend-project-lvl2/src/modul/compare-files.js": {"path":"/home/gabit1918/programming/frontend-project-lvl2/src/modul/compare-files.js","statementMap":{"0":{"start":{"line":4,"column":11},"end":{"line":4,"column":24}},"1":{"start":{"line":6,"column":18},"end":{"line":11,"column":1}},"2":{"start":{"line":7,"column":26},"end":{"line":7,"column":64}},"3":{"start":{"line":8,"column":27},"end":{"line":8,"column":66}},"4":{"start":{"line":9,"column":17},"end":{"line":9,"column":83}},"5":{"start":{"line":10,"column":2},"end":{"line":10,"column":16}}},"fnMap":{"0":{"name":"(anonymous_0)","decl":{"start":{"line":6,"column":18},"end":{"line":6,"column":19}},"loc":{"start":{"line":6,"column":53},"end":{"line":11,"column":1}},"line":6}},"branchMap":{},"s":{"0":1,"1":1,"2":2,"3":2,"4":2,"5":2},"f":{"0":2},"b":{},"_coverageSchema":"43e27e138ebf9cfc5966b082cf9a028302ed4184","hash":"74d407da38f424a5e3abdf748b8cb2e566be3e23"}
}
