{"/home/gabit1918/programming/frontend-project-lvl2/__test__/__fixtures__/testData.js": {"path":"/home/gabit1918/programming/frontend-project-lvl2/__test__/__fixtures__/testData.js","statementMap":{"0":{"start":{"line":2,"column":20},"end":{"line":7,"column":1}},"1":{"start":{"line":9,"column":21},"end":{"line":13,"column":1}},"2":{"start":{"line":15,"column":14},"end":{"line":15,"column":16}},"3":{"start":{"line":17,"column":15},"end":{"line":24,"column":2}},"4":{"start":{"line":26,"column":16},"end":{"line":30,"column":2}},"5":{"start":{"line":33,"column":13},"end":{"line":33,"column":64}}},"fnMap":{},"branchMap":{},"s":{"0":1,"1":1,"2":1,"3":1,"4":1,"5":1},"f":{},"b":{},"_coverageSchema":"43e27e138ebf9cfc5966b082cf9a028302ed4184","hash":"385ae891f587bd9de2e38d857baf6fe297934e57"}
,"/home/gabit1918/programming/frontend-project-lvl2/src/index.js": {"path":"/home/gabit1918/programming/frontend-project-lvl2/src/index.js","statementMap":{"0":{"start":{"line":2,"column":10},"end":{"line":2,"column":27}},"1":{"start":{"line":5,"column":27},"end":{"line":12,"column":8}},"2":{"start":{"line":6,"column":4},"end":{"line":10,"column":5}},"3":{"start":{"line":7,"column":6},"end":{"line":7,"column":88}},"4":{"start":{"line":7,"column":50},"end":{"line":7,"column":88}},"5":{"start":{"line":8,"column":30},"end":{"line":8,"column":97}},"6":{"start":{"line":9,"column":6},"end":{"line":9,"column":42}},"7":{"start":{"line":11,"column":4},"end":{"line":11,"column":42}},"8":{"start":{"line":13,"column":15},"end":{"line":16,"column":22}},"9":{"start":{"line":14,"column":4},"end":{"line":14,"column":44}},"10":{"start":{"line":14,"column":33},"end":{"line":14,"column":44}},"11":{"start":{"line":15,"column":4},"end":{"line":15,"column":42}},"12":{"start":{"line":17,"column":2},"end":{"line":17,"column":40}}},"fnMap":{"0":{"name":"(anonymous_0)","decl":{"start":{"line":4,"column":15},"end":{"line":4,"column":16}},"loc":{"start":{"line":4,"column":46},"end":{"line":18,"column":1}},"line":4},"1":{"name":"(anonymous_1)","decl":{"start":{"line":5,"column":62},"end":{"line":5,"column":63}},"loc":{"start":{"line":5,"column":85},"end":{"line":12,"column":3}},"line":5},"2":{"name":"(anonymous_2)","decl":{"start":{"line":13,"column":51},"end":{"line":13,"column":52}},"loc":{"start":{"line":13,"column":74},"end":{"line":16,"column":3}},"line":13}},"branchMap":{"0":{"loc":{"start":{"line":6,"column":4},"end":{"line":10,"column":5}},"type":"if","locations":[{"start":{"line":6,"column":4},"end":{"line":10,"column":5}},{"start":{"line":6,"column":4},"end":{"line":10,"column":5}}],"line":6},"1":{"loc":{"start":{"line":7,"column":6},"end":{"line":7,"column":88}},"type":"if","locations":[{"start":{"line":7,"column":6},"end":{"line":7,"column":88}},{"start":{"line":7,"column":6},"end":{"line":7,"column":88}}],"line":7},"2":{"loc":{"start":{"line":14,"column":4},"end":{"line":14,"column":44}},"type":"if","locations":[{"start":{"line":14,"column":4},"end":{"line":14,"column":44}},{"start":{"line":14,"column":4},"end":{"line":14,"column":44}}],"line":14}},"s":{"0":1,"1":3,"2":8,"3":4,"4":2,"5":2,"6":2,"7":4,"8":3,"9":9,"10":4,"11":5,"12":3},"f":{"0":3,"1":8,"2":9},"b":{"0":[4,4],"1":[2,2],"2":[4,5]},"_coverageSchema":"43e27e138ebf9cfc5966b082cf9a028302ed4184","hash":"027a20efe7397259727dadf784c305d3b380e4bd"}
}
