TN:
SF:/home/gabit1918/programming/frontend-project-lvl2/__test__/__fixtures__/testData.js
FNF:0
FNH:0
DA:2,1
DA:9,1
DA:15,1
DA:17,1
DA:26,1
DA:33,1
LF:6
LH:6
BRF:0
BRH:0
end_of_record
TN:
SF:/home/gabit1918/programming/frontend-project-lvl2/src/index.js
FN:4,(anonymous_0)
FN:5,(anonymous_1)
FN:13,(anonymous_2)
FNF:3
FNH:3
FNDA:5,(anonymous_0)
FNDA:16,(anonymous_1)
FNDA:15,(anonymous_2)
DA:2,1
DA:5,5
DA:6,16
DA:7,8
DA:8,4
DA:9,4
DA:11,8
DA:13,5
DA:14,15
DA:15,7
DA:17,5
LF:11
LH:11
BRDA:6,0,0,8
BRDA:6,0,1,8
BRDA:7,1,0,4
BRDA:7,1,1,4
BRDA:14,2,0,8
BRDA:14,2,1,7
BRF:6
BRH:6
end_of_record
TN:
SF:/home/gabit1918/programming/frontend-project-lvl2/src/bin/gendiff.js
FN:11,(anonymous_0)
FNF:1
FNH:0
FNDA:0,(anonymous_0)
DA:4,1
DA:6,1
DA:12,0
DA:15,1
LF:4
LH:3
BRF:0
BRH:0
end_of_record
TN:
SF:/home/gabit1918/programming/frontend-project-lvl2/src/modul/compare-files.js
FN:6,(anonymous_0)
FNF:1
FNH:1
FNDA:2,(anonymous_0)
DA:4,1
DA:6,1
DA:7,2
DA:8,2
DA:9,2
DA:10,2
LF:6
LH:6
BRF:0
BRH:0
end_of_record
