TN:
SF:/home/gabit1918/programming/frontend-project-lvl2/__test__/__fixtures__/testData.js
FNF:0
FNH:0
DA:2,1
DA:9,1
DA:15,1
DA:17,1
DA:26,1
DA:33,1
LF:6
LH:6
BRF:0
BRH:0
end_of_record
TN:
SF:/home/gabit1918/programming/frontend-project-lvl2/src/index.js
FN:4,(anonymous_0)
FN:5,(anonymous_1)
FN:13,(anonymous_2)
FNF:3
FNH:3
FNDA:3,(anonymous_0)
FNDA:8,(anonymous_1)
FNDA:9,(anonymous_2)
DA:2,1
DA:5,3
DA:6,8
DA:7,4
DA:8,2
DA:9,2
DA:11,4
DA:13,3
DA:14,9
DA:15,5
DA:17,3
LF:11
LH:11
BRDA:6,0,0,4
BRDA:6,0,1,4
BRDA:7,1,0,2
BRDA:7,1,1,2
BRDA:14,2,0,4
BRDA:14,2,1,5
BRF:6
BRH:6
end_of_record
